
Showing logs for build [32mcb-kubecd-environment-pr-102-83-m6bs6-1[0m stage [32mfrom-build-pack[0m and container [32mstep-credential-initializer-j4ndz[0m
{"level":"warn","ts":1576621238.2125943,"logger":"fallback-logger","caller":"logging/config.go:69","msg":"Fetch GitHub commit ID from kodata failed: \"ref: refs/heads/master\" is not a valid GitHub commit ID"}
{"level":"info","ts":1576621238.2135556,"logger":"fallback-logger","caller":"creds-init/main.go:40","msg":"Credentials initialized."}

Showing logs for build [32mcb-kubecd-environment-pr-102-83-m6bs6-1[0m stage [32mfrom-build-pack[0m and container [32mstep-working-dir-initializer-7qmx8[0m
{"level":"warn","ts":1576621239.6256802,"logger":"fallback-logger","caller":"logging/config.go:69","msg":"Fetch GitHub commit ID from kodata failed: open /var/run/ko/HEAD: no such file or directory"}
{"level":"info","ts":1576621239.6275263,"logger":"fallback-logger","caller":"bash/main.go:65","msg":"Successfully executed command \"mkdir -p /workspace/source\""}

Showing logs for build [32mcb-kubecd-environment-pr-102-83-m6bs6-1[0m stage [32mfrom-build-pack[0m and container [32mstep-place-tools[0m

Showing logs for build [32mcb-kubecd-environment-pr-102-83-m6bs6-1[0m stage [32mfrom-build-pack[0m and container [32mstep-git-source-cb-kubecd-environment-pr-102-83-mqwjc[0m
{"level":"warn","ts":1576621244.8737884,"logger":"fallback-logger","caller":"logging/config.go:69","msg":"Fetch GitHub commit ID from kodata failed: \"ref: refs/heads/master\" is not a valid GitHub commit ID"}
{"level":"info","ts":1576621246.0637057,"logger":"fallback-logger","caller":"git/git.go:102","msg":"Successfully cloned https://github.com/cb-kubecd/environment-pr-102-83-boot-gke-staging.git @ master in path /workspace/source"}

Showing logs for build [32mcb-kubecd-environment-pr-102-83-m6bs6-1[0m stage [32mfrom-build-pack[0m and container [32mstep-git-merge[0m
Using SHAs from PULL_REFS=master:46b9074a96605f4931f78c007a37edcf88616d3d,8:dabe25de96aa223480e6c3696b083299ac3cc2f0
DEBUG: ran git fetch --unshallow origin dabe25de96aa223480e6c3696b083299ac3cc2f0: 46b9074a96605f4931f78c007a37edcf88616d3d: in 
DEBUG: ran git checkout master in 
DEBUG: ran git reset --hard 46b9074a96605f4931f78c007a37edcf88616d3d in 
DEBUG: ran clean --force -d . in 
DEBUG: ran git merge dabe25de96aa223480e6c3696b083299ac3cc2f0 in 
Merged SHA dabe25de96aa223480e6c3696b083299ac3cc2f0 with commit message 'chore: Promote bdd-ghf**y-import-1576619294 to version 0.0.1' into base branch master

Showing logs for build [32mcb-kubecd-environment-pr-102-83-m6bs6-1[0m stage [32mfrom-build-pack[0m and container [32mstep-build-helm-build[0m
WARNING: No $CHART_REPOSITORY defined so using the default value of: http://jenkins-x-chartmuseum:8080
Adding missing Helm repo: storage.googleapis.com https://storage.googleapis.com/chartmuseum.jenkins-x.io
Read credentials for https://storage.googleapis.com/chartmuseum.jenkins-x.io from vault helm/repos
Successfully added Helm repository storage.googleapis.com.
Adding missing Helm repo: jenkins-x-chartmuseum http://jenkins-x-chartmuseum:8080
Read credentials for http://jenkins-x-chartmuseum:8080 from vault helm/repos
Successfully added Helm repository jenkins-x-chartmuseum.
WARNING: No $CHART_REPOSITORY defined so using the default value of: http://jenkins-x-chartmuseum:8080
Adding missing Helm repo: chartmuseum.jenkins-x.io http://chartmuseum.jenkins-x.io
Read credentials for http://chartmuseum.jenkins-x.io from vault helm/repos
Successfully added Helm repository chartmuseum.jenkins-x.io.
