
Showing logs for build [32mcb-kubecd-environment-pr-102-83-clcp5-1[0m stage [32mfrom-build-pack[0m and container [32mstep-credential-initializer-djdxl[0m
{"level":"warn","ts":1576620185.00259,"logger":"fallback-logger","caller":"logging/config.go:69","msg":"Fetch GitHub commit ID from kodata failed: \"ref: refs/heads/master\" is not a valid GitHub commit ID"}
{"level":"info","ts":1576620185.0031514,"logger":"fallback-logger","caller":"creds-init/main.go:40","msg":"Credentials initialized."}

Showing logs for build [32mcb-kubecd-environment-pr-102-83-clcp5-1[0m stage [32mfrom-build-pack[0m and container [32mstep-working-dir-initializer-rhhkm[0m
{"level":"warn","ts":1576620186.2535393,"logger":"fallback-logger","caller":"logging/config.go:69","msg":"Fetch GitHub commit ID from kodata failed: open /var/run/ko/HEAD: no such file or directory"}
{"level":"info","ts":1576620186.2637064,"logger":"fallback-logger","caller":"bash/main.go:65","msg":"Successfully executed command \"mkdir -p /workspace/source\""}

Showing logs for build [32mcb-kubecd-environment-pr-102-83-clcp5-1[0m stage [32mfrom-build-pack[0m and container [32mstep-place-tools[0m

Showing logs for build [32mcb-kubecd-environment-pr-102-83-clcp5-1[0m stage [32mfrom-build-pack[0m and container [32mstep-git-source-cb-kubecd-environment-pr-102-83-z89bs[0m
{"level":"warn","ts":1576620217.3274984,"logger":"fallback-logger","caller":"logging/config.go:69","msg":"Fetch GitHub commit ID from kodata failed: \"ref: refs/heads/master\" is not a valid GitHub commit ID"}
{"level":"info","ts":1576620218.5392945,"logger":"fallback-logger","caller":"git/git.go:102","msg":"Successfully cloned https://github.com/cb-kubecd/environment-pr-102-83-boot-gke-staging.git @ master in path /workspace/source"}

Showing logs for build [32mcb-kubecd-environment-pr-102-83-clcp5-1[0m stage [32mfrom-build-pack[0m and container [32mstep-git-merge[0m
Using SHAs from PULL_REFS=master:3ef45188563fa4fa8255f34f30b11ed703ac88e8,6:60ea55d5aa9d3552fd9d516fc83eb1bf969702c3
DEBUG: ran git fetch --unshallow origin 60ea55d5aa9d3552fd9d516fc83eb1bf969702c3: 3ef45188563fa4fa8255f34f30b11ed703ac88e8: in 
DEBUG: ran git checkout master in 
DEBUG: ran git reset --hard 3ef45188563fa4fa8255f34f30b11ed703ac88e8 in 
DEBUG: ran clean --force -d . in 
DEBUG: ran git merge 60ea55d5aa9d3552fd9d516fc83eb1bf969702c3 in 
Merged SHA 60ea55d5aa9d3552fd9d516fc83eb1bf969702c3 with commit message 'chore: Promote bdd-sbhg-import-1576619294 to version 0.0.1' into base branch master

Showing logs for build [32mcb-kubecd-environment-pr-102-83-clcp5-1[0m stage [32mfrom-build-pack[0m and container [32mstep-build-helm-build[0m
WARNING: No $CHART_REPOSITORY defined so using the default value of: http://jenkins-x-chartmuseum:8080
Adding missing Helm repo: storage.googleapis.com https://storage.googleapis.com/chartmuseum.jenkins-x.io
Read credentials for https://storage.googleapis.com/chartmuseum.jenkins-x.io from vault helm/repos
Successfully added Helm repository storage.googleapis.com.
Adding missing Helm repo: jenkins-x-chartmuseum http://jenkins-x-chartmuseum:8080
Read credentials for http://jenkins-x-chartmuseum:8080 from vault helm/repos
Successfully added Helm repository jenkins-x-chartmuseum.
WARNING: No $CHART_REPOSITORY defined so using the default value of: http://jenkins-x-chartmuseum:8080
Adding missing Helm repo: chartmuseum.jenkins-x.io http://chartmuseum.jenkins-x.io
Read credentials for http://chartmuseum.jenkins-x.io from vault helm/repos
Successfully added Helm repository chartmuseum.jenkins-x.io.
