
Showing logs for build [32mcb-kubecd-environment-pr-102-83-hvf2z-1[0m stage [32mfrom-build-pack[0m and container [32mstep-credential-initializer-gjft9[0m
{"level":"warn","ts":1576616260.246492,"logger":"fallback-logger","caller":"logging/config.go:69","msg":"Fetch GitHub commit ID from kodata failed: \"ref: refs/heads/master\" is not a valid GitHub commit ID"}
{"level":"info","ts":1576616260.2480438,"logger":"fallback-logger","caller":"creds-init/main.go:40","msg":"Credentials initialized."}

Showing logs for build [32mcb-kubecd-environment-pr-102-83-hvf2z-1[0m stage [32mfrom-build-pack[0m and container [32mstep-working-dir-initializer-2tq77[0m
{"level":"warn","ts":1576616261.821402,"logger":"fallback-logger","caller":"logging/config.go:69","msg":"Fetch GitHub commit ID from kodata failed: open /var/run/ko/HEAD: no such file or directory"}
{"level":"info","ts":1576616261.8256404,"logger":"fallback-logger","caller":"bash/main.go:65","msg":"Successfully executed command \"mkdir -p /workspace/source\""}

Showing logs for build [32mcb-kubecd-environment-pr-102-83-hvf2z-1[0m stage [32mfrom-build-pack[0m and container [32mstep-place-tools[0m

Showing logs for build [32mcb-kubecd-environment-pr-102-83-hvf2z-1[0m stage [32mfrom-build-pack[0m and container [32mstep-git-source-cb-kubecd-environment-pr-102-83-5ls2c[0m
{"level":"warn","ts":1576616267.9214883,"logger":"fallback-logger","caller":"logging/config.go:69","msg":"Fetch GitHub commit ID from kodata failed: \"ref: refs/heads/master\" is not a valid GitHub commit ID"}
{"level":"info","ts":1576616269.1288235,"logger":"fallback-logger","caller":"git/git.go:102","msg":"Successfully cloned https://github.com/cb-kubecd/environment-pr-102-83-boot-gke-staging.git @ master in path /workspace/source"}

Showing logs for build [32mcb-kubecd-environment-pr-102-83-hvf2z-1[0m stage [32mfrom-build-pack[0m and container [32mstep-git-merge[0m
Using SHAs from PULL_REFS=master:1b36d59d79f22d352860763d4eb2720303eba432,1:7529917974bdd7e8bff6458725e88df8994e4ea1
DEBUG: ran git fetch --unshallow origin 7529917974bdd7e8bff6458725e88df8994e4ea1: 1b36d59d79f22d352860763d4eb2720303eba432: in 
DEBUG: ran git checkout master in 
DEBUG: ran git reset --hard 1b36d59d79f22d352860763d4eb2720303eba432 in 
DEBUG: ran clean --force -d . in 
DEBUG: ran git merge 7529917974bdd7e8bff6458725e88df8994e4ea1 in 
Merged SHA 7529917974bdd7e8bff6458725e88df8994e4ea1 with commit message 'chore: Promote bdd-spring-1576615862 to version 0.0.1' into base branch master

Showing logs for build [32mcb-kubecd-environment-pr-102-83-hvf2z-1[0m stage [32mfrom-build-pack[0m and container [32mstep-build-helm-build[0m
WARNING: No $CHART_REPOSITORY defined so using the default value of: http://jenkins-x-chartmuseum:8080
Adding missing Helm repo: storage.googleapis.com https://storage.googleapis.com/chartmuseum.jenkins-x.io
Read credentials for https://storage.googleapis.com/chartmuseum.jenkins-x.io from vault helm/repos
Successfully added Helm repository storage.googleapis.com.
Adding missing Helm repo: jenkins-x-chartmuseum http://jenkins-x-chartmuseum:8080
Read credentials for http://jenkins-x-chartmuseum:8080 from vault helm/repos
Successfully added Helm repository jenkins-x-chartmuseum.
WARNING: No $CHART_REPOSITORY defined so using the default value of: http://jenkins-x-chartmuseum:8080
Adding missing Helm repo: chartmuseum.jenkins-x.io http://chartmuseum.jenkins-x.io
Read credentials for http://chartmuseum.jenkins-x.io from vault helm/repos
Successfully added Helm repository chartmuseum.jenkins-x.io.
