
Showing logs for build [32mcb-kubecd-environment-pr-102-83-dnblm-1[0m stage [32mfrom-build-pack[0m and container [32mstep-credential-initializer-fzmvh[0m
{"level":"warn","ts":1576620730.075225,"logger":"fallback-logger","caller":"logging/config.go:69","msg":"Fetch GitHub commit ID from kodata failed: \"ref: refs/heads/master\" is not a valid GitHub commit ID"}
{"level":"info","ts":1576620730.0761538,"logger":"fallback-logger","caller":"creds-init/main.go:40","msg":"Credentials initialized."}

Showing logs for build [32mcb-kubecd-environment-pr-102-83-dnblm-1[0m stage [32mfrom-build-pack[0m and container [32mstep-working-dir-initializer-6tdlp[0m
{"level":"warn","ts":1576620731.030671,"logger":"fallback-logger","caller":"logging/config.go:69","msg":"Fetch GitHub commit ID from kodata failed: open /var/run/ko/HEAD: no such file or directory"}
{"level":"info","ts":1576620731.0330362,"logger":"fallback-logger","caller":"bash/main.go:65","msg":"Successfully executed command \"mkdir -p /workspace/source\""}

Showing logs for build [32mcb-kubecd-environment-pr-102-83-dnblm-1[0m stage [32mfrom-build-pack[0m and container [32mstep-place-tools[0m

Showing logs for build [32mcb-kubecd-environment-pr-102-83-dnblm-1[0m stage [32mfrom-build-pack[0m and container [32mstep-git-source-cb-kubecd-environment-pr-102-83-zbqrh[0m
{"level":"warn","ts":1576620735.1646938,"logger":"fallback-logger","caller":"logging/config.go:69","msg":"Fetch GitHub commit ID from kodata failed: \"ref: refs/heads/master\" is not a valid GitHub commit ID"}
{"level":"info","ts":1576620736.3234632,"logger":"fallback-logger","caller":"git/git.go:102","msg":"Successfully cloned https://github.com/cb-kubecd/environment-pr-102-83-boot-gke-staging.git @ master in path /workspace/source"}

Showing logs for build [32mcb-kubecd-environment-pr-102-83-dnblm-1[0m stage [32mfrom-build-pack[0m and container [32mstep-git-merge[0m
Using SHAs from PULL_REFS=master:519fae17a9189ae2729911b3e55f05bcc4e52958,7:4ae915f29084b0f55719c78e32aa779057a2cc4c
DEBUG: ran git fetch --unshallow origin 4ae915f29084b0f55719c78e32aa779057a2cc4c: 519fae17a9189ae2729911b3e55f05bcc4e52958: in 
DEBUG: ran git checkout master in 
DEBUG: ran git reset --hard 519fae17a9189ae2729911b3e55f05bcc4e52958 in 
DEBUG: ran clean --force -d . in 
DEBUG: ran git merge 4ae915f29084b0f55719c78e32aa779057a2cc4c in 
Merged SHA 4ae915f29084b0f55719c78e32aa779057a2cc4c with commit message 'chore: Promote bdd-nh-import-1576619294 to version 0.0.1' into base branch master

Showing logs for build [32mcb-kubecd-environment-pr-102-83-dnblm-1[0m stage [32mfrom-build-pack[0m and container [32mstep-build-helm-build[0m
WARNING: No $CHART_REPOSITORY defined so using the default value of: http://jenkins-x-chartmuseum:8080
Adding missing Helm repo: storage.googleapis.com https://storage.googleapis.com/chartmuseum.jenkins-x.io
Read credentials for https://storage.googleapis.com/chartmuseum.jenkins-x.io from vault helm/repos
Successfully added Helm repository storage.googleapis.com.
Adding missing Helm repo: jenkins-x-chartmuseum http://jenkins-x-chartmuseum:8080
Read credentials for http://jenkins-x-chartmuseum:8080 from vault helm/repos
Successfully added Helm repository jenkins-x-chartmuseum.
WARNING: No $CHART_REPOSITORY defined so using the default value of: http://jenkins-x-chartmuseum:8080
Adding missing Helm repo: chartmuseum.jenkins-x.io http://chartmuseum.jenkins-x.io
Read credentials for http://chartmuseum.jenkins-x.io from vault helm/repos
Successfully added Helm repository chartmuseum.jenkins-x.io.
